[2023-08-30 09:43:45,315: INFO: server: Started server process [10052]]
[2023-08-30 09:43:45,316: INFO: on: Waiting for application startup.]
[2023-08-30 09:43:45,316: INFO: on: Application startup complete.]
[2023-08-30 09:43:45,317: INFO: server: Uvicorn running on http://0.0.0.0:8080 (Press CTRL+C to quit)]
[2023-08-30 09:47:02,217: INFO: server: Shutting down]
[2023-08-30 09:47:02,326: INFO: on: Waiting for application shutdown.]
[2023-08-30 09:47:02,328: INFO: on: Application shutdown complete.]
[2023-08-30 09:47:02,329: INFO: server: Finished server process [10052]]
[2023-08-30 09:48:56,398: INFO: server: Started server process [5304]]
[2023-08-30 09:48:56,399: INFO: on: Waiting for application startup.]
[2023-08-30 09:48:56,405: INFO: on: Application startup complete.]
[2023-08-30 09:48:56,406: INFO: server: Uvicorn running on http://0.0.0.0:8080 (Press CTRL+C to quit)]
[2023-08-30 09:50:35,531: INFO: server: Shutting down]
[2023-08-30 09:50:35,641: INFO: on: Waiting for application shutdown.]
[2023-08-30 09:50:35,643: INFO: on: Application shutdown complete.]
[2023-08-30 09:50:35,644: INFO: server: Finished server process [5304]]
[2023-08-30 09:50:40,490: INFO: server: Started server process [12256]]
[2023-08-30 09:50:40,491: INFO: on: Waiting for application startup.]
[2023-08-30 09:50:40,492: INFO: on: Application startup complete.]
[2023-08-30 09:50:40,492: INFO: server: Uvicorn running on http://0.0.0.0:5000 (Press CTRL+C to quit)]
